<?xml version="1.0" encoding="UTF-8"?>
<testng-results ignored="0" total="1" passed="1" failed="0" skipped="0">
  <reporter-output>
  </reporter-output>
  <suite started-at="2022-08-05T15:27:28Z" name="Surefire suite" finished-at="2022-08-05T15:27:29Z" duration-ms="112">
    <groups>
    </groups>
    <test started-at="2022-08-05T15:27:28Z" name="Surefire test" finished-at="2022-08-05T15:27:29Z" duration-ms="112">
      <class name="com.selenium.test_automation_demo.AppTest">
        <test-method signature="shouldAnswerWithTrue()" started-at="2022-08-05T15:27:29Z" name="shouldAnswerWithTrue" finished-at="2022-08-05T15:27:29Z" duration-ms="17" status="PASS">
          <reporter-output>
          </reporter-output>
        </test-method> <!-- shouldAnswerWithTrue -->
      </class> <!-- com.selenium.test_automation_demo.AppTest -->
    </test> <!-- Surefire test -->
  </suite> <!-- Surefire suite -->
</testng-results>
